<?xml version="1.0" encoding="UTF-8"?>
<!-- Generated by org.testng.reporters.JUnitXMLReporter -->
<testsuite ignored="0" hostname="DESKTOP-GKD2DOT" failures="0" tests="4" name="Default test" time="106.397" errors="0" timestamp="2024-12-19T19:31:11 EET">
  <testcase classname="AdminPortal.RegressionTestCases.documentAdminToTenant" name="addNewDocument" time="4.641"/>
  <testcase classname="AdminPortal.RegressionTestCases.documentAdminToTenant" name="tenantLogin" time="18.851"/>
  <testcase classname="AdminPortal.RegressionTestCases.documentAdminToTenant" name="checkDocumentAdded" time="4.213"/>
  <testcase classname="AdminPortal.RegressionTestCases.documentAdminToTenant" name="deleteDocs" time="61.048"/>
</testsuite> <!-- Default test -->
