<?xml version="1.0" encoding="UTF-8"?>
<!-- Generated by org.testng.reporters.JUnitXMLReporter -->
<testsuite ignored="0" hostname="DESKTOP-GKD2DOT" failures="0" tests="4" name="Default test" time="51.396" errors="0" timestamp="2024-12-14T11:52:12 EET">
  <testcase classname="AdminPortal.RegressionTestCases.broadcastAdminToTenant" name="openBroadcastePage" time="0.785"/>
  <testcase classname="AdminPortal.RegressionTestCases.broadcastAdminToTenant" name="broadcastDataAddition" time="5.589"/>
  <testcase classname="AdminPortal.RegressionTestCases.broadcastAdminToTenant" name="tenantLogin" time="22.329"/>
  <testcase classname="AdminPortal.RegressionTestCases.broadcastAdminToTenant" name="checkBroadcast" time="3.237"/>
</testsuite> <!-- Default test -->
