<?xml version="1.0" encoding="UTF-8"?>
<!-- Generated by org.testng.reporters.JUnitXMLReporter -->
<testsuite ignored="0" hostname="DESKTOP-GKD2DOT" failures="0" tests="6" name="Default test" time="72.795" errors="0" timestamp="2025-01-01T22:36:08 EET">
  <testcase classname="AdminPortal.RegressionTestCases.vehicleAdminToTenant" name="openVehiclePage" time="6.423"/>
  <testcase classname="AdminPortal.RegressionTestCases.vehicleAdminToTenant" name="enterVehicleData" time="29.225"/>
  <testcase classname="AdminPortal.RegressionTestCases.vehicleAdminToTenant" name="tenantLogin" time="4.51"/>
  <testcase classname="AdminPortal.RegressionTestCases.vehicleAdminToTenant" name="checkVehicleAdded" time="5.288"/>
  <testcase classname="AdminPortal.RegressionTestCases.vehicleAdminToTenant" name="checkDeletedVehicle" time="2.458"/>
  <testcase classname="AdminPortal.RegressionTestCases.vehicleAdminToTenant" name="checkDeletedVehicleTenant" time="4.525"/>
</testsuite> <!-- Default test -->
