<?xml version="1.0" encoding="UTF-8"?>
<!-- Generated by org.testng.reporters.JUnitXMLReporter -->
<testsuite ignored="0" hostname="DESKTOP-GKD2DOT" failures="0" tests="0" time="29.854" errors="0" timestamp="2024-11-11T12:34:59 EET">
  <testcase classname="AdminPortal.RegressionTestCases.invoicesDue" name="@BeforeTest setup" time="29.824">
    <failure type="java.lang.AssertionError" message="expected:&amp;lt;null&amp;gt; but was:&amp;lt;Yarn Support&amp;gt;">
      <![CDATA[java.lang.AssertionError: expected:<null> but was:<Yarn Support>
at AdminPortal.RegressionTestCases.invoicesDue.login(invoicesDue.java:76)
at AdminPortal.RegressionTestCases.invoicesDue.setup(invoicesDue.java:34)
... Removed 24 stack frames]]>
    </failure>
  </testcase> <!-- @BeforeTest setup -->
</testsuite>
