<?xml version="1.0" encoding="UTF-8"?>
<testng-results ignored="0" total="4" passed="4" failed="0" skipped="0">
  <reporter-output>
  </reporter-output>
  <suite started-at="2024-12-14T11:51:21 EET" name="Default suite" finished-at="2024-12-14T11:52:12 EET" duration-ms="51396">
    <groups>
    </groups>
    <test started-at="2024-12-14T11:51:21 EET" name="Default test" finished-at="2024-12-14T11:52:12 EET" duration-ms="51396">
      <class name="AdminPortal.RegressionTestCases.broadcastAdminToTenant">
        <test-method is-config="true" signature="setup()[pri:0, instance:AdminPortal.RegressionTestCases.broadcastAdminToTenant@6c64cb25]" started-at="2024-12-14T11:51:21 EET" name="setup" finished-at="2024-12-14T11:51:39 EET" duration-ms="18788" status="PASS">
          <reporter-output>
          </reporter-output>
        </test-method> <!-- setup -->
        <test-method signature="openBroadcastePage()[pri:0, instance:AdminPortal.RegressionTestCases.broadcastAdminToTenant@6c64cb25]" started-at="2024-12-14T11:51:39 EET" name="openBroadcastePage" finished-at="2024-12-14T11:51:40 EET" duration-ms="785" status="PASS">
          <reporter-output>
          </reporter-output>
        </test-method> <!-- openBroadcastePage -->
        <test-method signature="broadcastDataAddition()[pri:1, instance:AdminPortal.RegressionTestCases.broadcastAdminToTenant@6c64cb25]" started-at="2024-12-14T11:51:40 EET" name="broadcastDataAddition" finished-at="2024-12-14T11:51:46 EET" duration-ms="5589" status="PASS">
          <reporter-output>
          </reporter-output>
        </test-method> <!-- broadcastDataAddition -->
        <test-method signature="tenantLogin()[pri:2, instance:AdminPortal.RegressionTestCases.broadcastAdminToTenant@6c64cb25]" started-at="2024-12-14T11:51:46 EET" name="tenantLogin" finished-at="2024-12-14T11:52:08 EET" duration-ms="22329" status="PASS">
          <reporter-output>
          </reporter-output>
        </test-method> <!-- tenantLogin -->
        <test-method signature="checkBroadcast()[pri:3, instance:AdminPortal.RegressionTestCases.broadcastAdminToTenant@6c64cb25]" started-at="2024-12-14T11:52:08 EET" name="checkBroadcast" finished-at="2024-12-14T11:52:11 EET" duration-ms="3237" status="PASS">
          <reporter-output>
          </reporter-output>
        </test-method> <!-- checkBroadcast -->
        <test-method is-config="true" signature="tearDown()[pri:0, instance:AdminPortal.RegressionTestCases.broadcastAdminToTenant@6c64cb25]" started-at="2024-12-14T11:52:11 EET" name="tearDown" finished-at="2024-12-14T11:52:12 EET" duration-ms="604" status="PASS">
          <reporter-output>
          </reporter-output>
        </test-method> <!-- tearDown -->
      </class> <!-- AdminPortal.RegressionTestCases.broadcastAdminToTenant -->
    </test> <!-- Default test -->
  </suite> <!-- Default suite -->
</testng-results>
