<?xml version="1.0" encoding="UTF-8"?>
<testng-results ignored="0" total="4" passed="4" failed="0" skipped="0">
  <reporter-output>
  </reporter-output>
  <suite started-at="2024-12-19T19:29:25 EET" name="Default suite" finished-at="2024-12-19T19:31:11 EET" duration-ms="106397">
    <groups>
    </groups>
    <test started-at="2024-12-19T19:29:25 EET" name="Default test" finished-at="2024-12-19T19:31:11 EET" duration-ms="106397">
      <class name="AdminPortal.RegressionTestCases.documentAdminToTenant">
        <test-method is-config="true" signature="setup()[pri:0, instance:AdminPortal.RegressionTestCases.documentAdminToTenant@72d1ad2e]" started-at="2024-12-19T19:29:25 EET" name="setup" finished-at="2024-12-19T19:29:42 EET" duration-ms="16722" status="PASS">
          <reporter-output>
          </reporter-output>
        </test-method> <!-- setup -->
        <test-method signature="addNewDocument()[pri:0, instance:AdminPortal.RegressionTestCases.documentAdminToTenant@72d1ad2e]" started-at="2024-12-19T19:29:42 EET" name="addNewDocument" finished-at="2024-12-19T19:29:46 EET" duration-ms="4641" status="PASS">
          <reporter-output>
          </reporter-output>
        </test-method> <!-- addNewDocument -->
        <test-method signature="tenantLogin()[pri:1, instance:AdminPortal.RegressionTestCases.documentAdminToTenant@72d1ad2e]" started-at="2024-12-19T19:29:46 EET" name="tenantLogin" finished-at="2024-12-19T19:30:05 EET" duration-ms="18851" status="PASS">
          <reporter-output>
          </reporter-output>
        </test-method> <!-- tenantLogin -->
        <test-method signature="checkDocumentAdded()[pri:2, instance:AdminPortal.RegressionTestCases.documentAdminToTenant@72d1ad2e]" started-at="2024-12-19T19:30:05 EET" name="checkDocumentAdded" finished-at="2024-12-19T19:30:10 EET" duration-ms="4213" status="PASS">
          <reporter-output>
          </reporter-output>
        </test-method> <!-- checkDocumentAdded -->
        <test-method signature="deleteDocs()[pri:3, instance:AdminPortal.RegressionTestCases.documentAdminToTenant@72d1ad2e]" started-at="2024-12-19T19:30:10 EET" name="deleteDocs" finished-at="2024-12-19T19:31:11 EET" duration-ms="61048" status="PASS">
          <reporter-output>
          </reporter-output>
        </test-method> <!-- deleteDocs -->
        <test-method is-config="true" signature="tearDown()[pri:0, instance:AdminPortal.RegressionTestCases.documentAdminToTenant@72d1ad2e]" started-at="2024-12-19T19:31:11 EET" name="tearDown" finished-at="2024-12-19T19:31:11 EET" duration-ms="872" status="PASS">
          <reporter-output>
          </reporter-output>
        </test-method> <!-- tearDown -->
      </class> <!-- AdminPortal.RegressionTestCases.documentAdminToTenant -->
    </test> <!-- Default test -->
  </suite> <!-- Default suite -->
</testng-results>
